{"F:\\Jinma\\Documents\\REACT\\MODULOS\\unlimited-react-components\\@unlmited-libraries\\dynamicss\\src\\DynamiCSS.ts": {"path":"F:\\Jinma\\Documents\\REACT\\MODULOS\\unlimited-react-components\\@unlmited-libraries\\dynamicss\\src\\DynamiCSS.ts","statementMap":{"0":{"start":{"line":3,"column":0},"end":{"line":3,"column":null}},"1":{"start":{"line":6,"column":24},"end":{"line":6,"column":26}},"2":{"start":{"line":7,"column":8},"end":{"line":9,"column":null}},"3":{"start":{"line":8,"column":12},"end":{"line":8,"column":22}},"4":{"start":{"line":10,"column":8},"end":{"line":12,"column":null}},"5":{"start":{"line":11,"column":12},"end":{"line":11,"column":22}},"6":{"start":{"line":14,"column":8},"end":{"line":16,"column":null}},"7":{"start":{"line":15,"column":12},"end":{"line":15,"column":35}},"8":{"start":{"line":17,"column":8},"end":{"line":17,"column":36}},"9":{"start":{"line":18,"column":43},"end":{"line":18,"column":74}},"10":{"start":{"line":19,"column":8},"end":{"line":19,"column":34}},"11":{"start":{"line":20,"column":8},"end":{"line":20,"column":52}},"12":{"start":{"line":21,"column":34},"end":{"line":21,"column":80}},"13":{"start":{"line":22,"column":8},"end":{"line":22,"column":43}},"14":{"start":{"line":23,"column":46},"end":{"line":23,"column":83}},"15":{"start":{"line":24,"column":8},"end":{"line":26,"column":null}},"16":{"start":{"line":25,"column":12},"end":{"line":25,"column":22}},"17":{"start":{"line":28,"column":8},"end":{"line":28,"column":25}},"18":{"start":{"line":5,"column":20},"end":{"line":29,"column":null}},"19":{"start":{"line":31,"column":24},"end":{"line":31,"column":26}},"20":{"start":{"line":32,"column":8},"end":{"line":34,"column":null}},"21":{"start":{"line":33,"column":12},"end":{"line":33,"column":22}},"22":{"start":{"line":35,"column":8},"end":{"line":37,"column":null}},"23":{"start":{"line":36,"column":12},"end":{"line":36,"column":22}},"24":{"start":{"line":39,"column":8},"end":{"line":41,"column":null}},"25":{"start":{"line":40,"column":12},"end":{"line":40,"column":22}},"26":{"start":{"line":42,"column":8},"end":{"line":42,"column":23}},"27":{"start":{"line":43,"column":43},"end":{"line":43,"column":74}},"28":{"start":{"line":44,"column":8},"end":{"line":44,"column":34}},"29":{"start":{"line":45,"column":8},"end":{"line":45,"column":52}},"30":{"start":{"line":46,"column":8},"end":{"line":46,"column":61}},"31":{"start":{"line":47,"column":8},"end":{"line":51,"column":null}},"32":{"start":{"line":48,"column":12},"end":{"line":48,"column":50}},"33":{"start":{"line":50,"column":12},"end":{"line":50,"column":22}},"34":{"start":{"line":52,"column":8},"end":{"line":52,"column":25}},"35":{"start":{"line":30,"column":20},"end":{"line":53,"column":null}},"36":{"start":{"line":55,"column":24},"end":{"line":55,"column":26}},"37":{"start":{"line":56,"column":8},"end":{"line":58,"column":null}},"38":{"start":{"line":57,"column":12},"end":{"line":57,"column":22}},"39":{"start":{"line":59,"column":27},"end":{"line":59,"column":54}},"40":{"start":{"line":60,"column":8},"end":{"line":63,"column":null}},"41":{"start":{"line":61,"column":12},"end":{"line":61,"column":50}},"42":{"start":{"line":62,"column":12},"end":{"line":62,"column":25}},"43":{"start":{"line":65,"column":8},"end":{"line":65,"column":25}},"44":{"start":{"line":54,"column":20},"end":{"line":66,"column":null}},"45":{"start":{"line":75,"column":4},"end":{"line":75,"column":33}},"46":{"start":{"line":75,"column":20},"end":{"line":75,"column":33}},"47":{"start":{"line":76,"column":4},"end":{"line":76,"column":63}},"48":{"start":{"line":84,"column":17},"end":{"line":84,"column":19}},"49":{"start":{"line":85,"column":20},"end":{"line":85,"column":23}},"50":{"start":{"line":86,"column":27},"end":{"line":86,"column":32}},"51":{"start":{"line":87,"column":4},"end":{"line":94,"column":null}},"52":{"start":{"line":87,"column":17},"end":{"line":87,"column":18}},"53":{"start":{"line":88,"column":28},"end":{"line":88,"column":40}},"54":{"start":{"line":89,"column":8},"end":{"line":93,"column":null}},"55":{"start":{"line":90,"column":12},"end":{"line":90,"column":36}},"56":{"start":{"line":91,"column":12},"end":{"line":91,"column":27}},"57":{"start":{"line":92,"column":12},"end":{"line":92,"column":18}},"58":{"start":{"line":96,"column":4},"end":{"line":101,"column":null}},"59":{"start":{"line":97,"column":32},"end":{"line":97,"column":58}},"60":{"start":{"line":98,"column":8},"end":{"line":98,"column":69}},"61":{"start":{"line":100,"column":8},"end":{"line":100,"column":27}},"62":{"start":{"line":102,"column":4},"end":{"line":102,"column":18}},"63":{"start":{"line":110,"column":4},"end":{"line":110,"column":33}},"64":{"start":{"line":110,"column":20},"end":{"line":110,"column":33}},"65":{"start":{"line":111,"column":4},"end":{"line":111,"column":35}},"66":{"start":{"line":115,"column":4},"end":{"line":117,"column":null}},"67":{"start":{"line":116,"column":8},"end":{"line":116,"column":18}},"68":{"start":{"line":118,"column":32},"end":{"line":118,"column":34}},"69":{"start":{"line":119,"column":44},"end":{"line":119,"column":46}},"70":{"start":{"line":121,"column":4},"end":{"line":148,"column":null}},"71":{"start":{"line":121,"column":17},"end":{"line":121,"column":18}},"72":{"start":{"line":123,"column":46},"end":{"line":123,"column":59}},"73":{"start":{"line":125,"column":37},"end":{"line":125,"column":39}},"74":{"start":{"line":126,"column":8},"end":{"line":126,"column":57}},"75":{"start":{"line":128,"column":36},"end":{"line":128,"column":66}},"76":{"start":{"line":130,"column":8},"end":{"line":144,"column":null}},"77":{"start":{"line":130,"column":21},"end":{"line":130,"column":22}},"78":{"start":{"line":131,"column":31},"end":{"line":131,"column":43}},"79":{"start":{"line":133,"column":39},"end":{"line":133,"column":72}},"80":{"start":{"line":135,"column":12},"end":{"line":142,"column":null}},"81":{"start":{"line":137,"column":48},"end":{"line":137,"column":82}},"82":{"start":{"line":138,"column":16},"end":{"line":138,"column":114}},"83":{"start":{"line":140,"column":43},"end":{"line":140,"column":80}},"84":{"start":{"line":141,"column":16},"end":{"line":141,"column":70}},"85":{"start":{"line":145,"column":8},"end":{"line":145,"column":32}},"86":{"start":{"line":147,"column":8},"end":{"line":147,"column":40}},"87":{"start":{"line":152,"column":4},"end":{"line":165,"column":null}},"88":{"start":{"line":152,"column":17},"end":{"line":152,"column":18}},"89":{"start":{"line":153,"column":37},"end":{"line":153,"column":39}},"90":{"start":{"line":154,"column":46},"end":{"line":154,"column":62}},"91":{"start":{"line":155,"column":36},"end":{"line":155,"column":66}},"92":{"start":{"line":156,"column":8},"end":{"line":156,"column":57}},"93":{"start":{"line":157,"column":8},"end":{"line":162,"column":null}},"94":{"start":{"line":157,"column":21},"end":{"line":157,"column":22}},"95":{"start":{"line":158,"column":31},"end":{"line":158,"column":43}},"96":{"start":{"line":159,"column":39},"end":{"line":159,"column":72}},"97":{"start":{"line":160,"column":39},"end":{"line":160,"column":76}},"98":{"start":{"line":161,"column":12},"end":{"line":161,"column":66}},"99":{"start":{"line":163,"column":8},"end":{"line":163,"column":32}},"100":{"start":{"line":164,"column":8},"end":{"line":164,"column":40}},"101":{"start":{"line":166,"column":4},"end":{"line":166,"column":25}},"102":{"start":{"line":114,"column":0},"end":{"line":114,"column":16}}},"fnMap":{"0":{"name":"(anonymous_0)","decl":{"start":{"line":3,"column":0},"end":{"line":3,"column":17}},"loc":{"start":{"line":3,"column":26},"end":{"line":67,"column":1}}},"1":{"name":"insertStyleSheet","decl":{"start":{"line":5,"column":20},"end":{"line":5,"column":36}},"loc":{"start":{"line":5,"column":63},"end":{"line":29,"column":5}}},"2":{"name":"editStyleSheet","decl":{"start":{"line":30,"column":20},"end":{"line":30,"column":34}},"loc":{"start":{"line":30,"column":77},"end":{"line":53,"column":5}}},"3":{"name":"removeStyleSheet","decl":{"start":{"line":54,"column":20},"end":{"line":54,"column":36}},"loc":{"start":{"line":54,"column":47},"end":{"line":66,"column":5}}},"4":{"name":"isUpper","decl":{"start":{"line":74,"column":9},"end":{"line":74,"column":16}},"loc":{"start":{"line":74,"column":34},"end":{"line":77,"column":1}}},"5":{"name":"fromUpperCaseToHyphen","decl":{"start":{"line":83,"column":9},"end":{"line":83,"column":30}},"loc":{"start":{"line":83,"column":48},"end":{"line":103,"column":1}}},"6":{"name":"isPseudo","decl":{"start":{"line":109,"column":9},"end":{"line":109,"column":17}},"loc":{"start":{"line":109,"column":35},"end":{"line":112,"column":1}}},"7":{"name":"toRawStyleSheet","decl":{"start":{"line":114,"column":16},"end":{"line":114,"column":31}},"loc":{"start":{"line":114,"column":62},"end":{"line":167,"column":1}}}},"branchMap":{"0":{"loc":{"start":{"line":7,"column":8},"end":{"line":9,"column":null}},"type":"if","locations":[{"start":{"line":7,"column":8},"end":{"line":9,"column":null}},{"start":{"line":7,"column":8},"end":{"line":9,"column":null}}]},"1":{"loc":{"start":{"line":10,"column":8},"end":{"line":12,"column":null}},"type":"if","locations":[{"start":{"line":10,"column":8},"end":{"line":12,"column":null}},{"start":{"line":10,"column":8},"end":{"line":12,"column":null}}]},"2":{"loc":{"start":{"line":14,"column":8},"end":{"line":16,"column":null}},"type":"if","locations":[{"start":{"line":14,"column":8},"end":{"line":16,"column":null}},{"start":{"line":14,"column":8},"end":{"line":16,"column":null}}]},"3":{"loc":{"start":{"line":21,"column":50},"end":{"line":21,"column":73}},"type":"binary-expr","locations":[{"start":{"line":21,"column":50},"end":{"line":21,"column":73}},{"start":{"line":21,"column":77},"end":{"line":21,"column":79}}]},"4":{"loc":{"start":{"line":24,"column":8},"end":{"line":26,"column":null}},"type":"if","locations":[{"start":{"line":24,"column":8},"end":{"line":26,"column":null}},{"start":{"line":24,"column":8},"end":{"line":26,"column":null}}]},"5":{"loc":{"start":{"line":32,"column":8},"end":{"line":34,"column":null}},"type":"if","locations":[{"start":{"line":32,"column":8},"end":{"line":34,"column":null}},{"start":{"line":32,"column":8},"end":{"line":34,"column":null}}]},"6":{"loc":{"start":{"line":35,"column":8},"end":{"line":37,"column":null}},"type":"if","locations":[{"start":{"line":35,"column":8},"end":{"line":37,"column":null}},{"start":{"line":35,"column":8},"end":{"line":37,"column":null}}]},"7":{"loc":{"start":{"line":35,"column":12},"end":{"line":35,"column":15}},"type":"binary-expr","locations":[{"start":{"line":35,"column":12},"end":{"line":35,"column":15}},{"start":{"line":35,"column":19},"end":{"line":35,"column":30}}]},"8":{"loc":{"start":{"line":39,"column":8},"end":{"line":41,"column":null}},"type":"if","locations":[{"start":{"line":39,"column":8},"end":{"line":41,"column":null}},{"start":{"line":39,"column":8},"end":{"line":41,"column":null}}]},"9":{"loc":{"start":{"line":56,"column":8},"end":{"line":58,"column":null}},"type":"if","locations":[{"start":{"line":56,"column":8},"end":{"line":58,"column":null}},{"start":{"line":56,"column":8},"end":{"line":58,"column":null}}]},"10":{"loc":{"start":{"line":60,"column":8},"end":{"line":63,"column":null}},"type":"if","locations":[{"start":{"line":60,"column":8},"end":{"line":63,"column":null}},{"start":{"line":60,"column":8},"end":{"line":63,"column":null}}]},"11":{"loc":{"start":{"line":3,"column":17},"end":{"line":3,"column":26}},"type":"binary-expr","locations":[{"start":{"line":3,"column":17},"end":{"line":3,"column":26}},{"start":{"line":3,"column":17},"end":{"line":3,"column":null}}]},"12":{"loc":{"start":{"line":75,"column":4},"end":{"line":75,"column":33}},"type":"if","locations":[{"start":{"line":75,"column":4},"end":{"line":75,"column":33}},{"start":{"line":75,"column":4},"end":{"line":75,"column":33}}]},"13":{"loc":{"start":{"line":76,"column":11},"end":{"line":76,"column":35}},"type":"binary-expr","locations":[{"start":{"line":76,"column":11},"end":{"line":76,"column":35}},{"start":{"line":76,"column":39},"end":{"line":76,"column":62}}]},"14":{"loc":{"start":{"line":89,"column":8},"end":{"line":93,"column":null}},"type":"if","locations":[{"start":{"line":89,"column":8},"end":{"line":93,"column":null}},{"start":{"line":89,"column":8},"end":{"line":93,"column":null}}]},"15":{"loc":{"start":{"line":96,"column":4},"end":{"line":101,"column":null}},"type":"if","locations":[{"start":{"line":96,"column":4},"end":{"line":101,"column":null}},{"start":{"line":96,"column":4},"end":{"line":101,"column":null}}]},"16":{"loc":{"start":{"line":110,"column":4},"end":{"line":110,"column":33}},"type":"if","locations":[{"start":{"line":110,"column":4},"end":{"line":110,"column":33}},{"start":{"line":110,"column":4},"end":{"line":110,"column":33}}]},"17":{"loc":{"start":{"line":115,"column":4},"end":{"line":117,"column":null}},"type":"if","locations":[{"start":{"line":115,"column":4},"end":{"line":117,"column":null}},{"start":{"line":115,"column":4},"end":{"line":117,"column":null}}]},"18":{"loc":{"start":{"line":135,"column":12},"end":{"line":142,"column":null}},"type":"if","locations":[{"start":{"line":135,"column":12},"end":{"line":142,"column":null}},{"start":{"line":135,"column":12},"end":{"line":142,"column":null}}]}},"s":{"0":1,"1":5,"2":5,"3":0,"4":5,"5":1,"6":4,"7":3,"8":1,"9":1,"10":1,"11":1,"12":1,"13":1,"14":1,"15":1,"16":0,"17":1,"18":1,"19":4,"20":4,"21":0,"22":4,"23":2,"24":2,"25":1,"26":1,"27":1,"28":1,"29":1,"30":1,"31":1,"32":1,"33":0,"34":1,"35":1,"36":2,"37":2,"38":1,"39":1,"40":1,"41":1,"42":1,"43":1,"44":1,"45":57,"46":0,"47":57,"48":7,"49":7,"50":7,"51":7,"52":7,"53":57,"54":57,"55":3,"56":3,"57":3,"58":7,"59":3,"60":3,"61":4,"62":7,"63":5,"64":0,"65":5,"66":4,"67":1,"68":3,"69":3,"70":3,"71":3,"72":3,"73":3,"74":3,"75":3,"76":3,"77":3,"78":5,"79":5,"80":5,"81":2,"82":2,"83":3,"84":3,"85":3,"86":3,"87":3,"88":3,"89":2,"90":2,"91":2,"92":2,"93":2,"94":2,"95":2,"96":2,"97":2,"98":2,"99":2,"100":2,"101":3,"102":1},"f":{"0":1,"1":5,"2":4,"3":2,"4":57,"5":7,"6":5,"7":4},"b":{"0":[0,5],"1":[1,4],"2":[3,1],"3":[1,0],"4":[0,1],"5":[0,4],"6":[2,2],"7":[4,3],"8":[1,1],"9":[1,1],"10":[1,0],"11":[1,1],"12":[0,57],"13":[57,5],"14":[3,54],"15":[3,4],"16":[0,5],"17":[1,3],"18":[2,3]}}
,"F:\\Jinma\\Documents\\REACT\\MODULOS\\unlimited-react-components\\@unlmited-libraries\\dynamicss\\src\\index.ts": {"path":"F:\\Jinma\\Documents\\REACT\\MODULOS\\unlimited-react-components\\@unlmited-libraries\\dynamicss\\src\\index.ts","statementMap":{"0":{"start":{"line":1,"column":0},"end":{"line":1,"column":9}},"1":{"start":{"line":4,"column":9},"end":{"line":1,"column":40}}},"fnMap":{"0":{"name":"(anonymous_0)","decl":{"start":{"line":4,"column":9},"end":{"line":4,"column":18}},"loc":{"start":{"line":4,"column":9},"end":{"line":1,"column":40}}}},"branchMap":{},"s":{"0":1,"1":12},"f":{"0":11},"b":{}}
}
