TN:
SF:src\DynamiCSS.ts
FN:3,(anonymous_0)
FN:5,insertStyleSheet
FN:30,editStyleSheet
FN:54,removeStyleSheet
FN:74,isUpper
FN:83,fromUpperCaseToHyphen
FN:109,isPseudo
FN:114,toRawStyleSheet
FNF:8
FNH:8
FNDA:1,(anonymous_0)
FNDA:5,insertStyleSheet
FNDA:4,editStyleSheet
FNDA:2,removeStyleSheet
FNDA:57,isUpper
FNDA:7,fromUpperCaseToHyphen
FNDA:5,isPseudo
FNDA:4,toRawStyleSheet
DA:3,1
DA:5,1
DA:6,5
DA:7,5
DA:8,0
DA:10,5
DA:11,1
DA:14,4
DA:15,3
DA:17,1
DA:18,1
DA:19,1
DA:20,1
DA:21,1
DA:22,1
DA:23,1
DA:24,1
DA:25,0
DA:28,1
DA:30,1
DA:31,4
DA:32,4
DA:33,0
DA:35,4
DA:36,2
DA:39,2
DA:40,1
DA:42,1
DA:43,1
DA:44,1
DA:45,1
DA:46,1
DA:47,1
DA:48,1
DA:50,0
DA:52,1
DA:54,1
DA:55,2
DA:56,2
DA:57,1
DA:59,1
DA:60,1
DA:61,1
DA:62,1
DA:65,1
DA:75,57
DA:76,57
DA:84,7
DA:85,7
DA:86,7
DA:87,7
DA:88,57
DA:89,57
DA:90,3
DA:91,3
DA:92,3
DA:96,7
DA:97,3
DA:98,3
DA:100,4
DA:102,7
DA:110,5
DA:111,5
DA:114,1
DA:115,4
DA:116,1
DA:118,3
DA:119,3
DA:121,3
DA:123,3
DA:125,3
DA:126,3
DA:128,3
DA:130,3
DA:131,5
DA:133,5
DA:135,5
DA:137,2
DA:138,2
DA:140,3
DA:141,3
DA:145,3
DA:147,3
DA:152,3
DA:153,2
DA:154,2
DA:155,2
DA:156,2
DA:157,2
DA:158,2
DA:159,2
DA:160,2
DA:161,2
DA:163,2
DA:164,2
DA:166,3
LF:96
LH:92
BRDA:7,0,0,0
BRDA:7,0,1,5
BRDA:10,1,0,1
BRDA:10,1,1,4
BRDA:14,2,0,3
BRDA:14,2,1,1
BRDA:21,3,0,1
BRDA:21,3,1,0
BRDA:24,4,0,0
BRDA:24,4,1,1
BRDA:32,5,0,0
BRDA:32,5,1,4
BRDA:35,6,0,2
BRDA:35,6,1,2
BRDA:35,7,0,4
BRDA:35,7,1,3
BRDA:39,8,0,1
BRDA:39,8,1,1
BRDA:56,9,0,1
BRDA:56,9,1,1
BRDA:60,10,0,1
BRDA:60,10,1,0
BRDA:3,11,0,1
BRDA:3,11,1,1
BRDA:75,12,0,0
BRDA:75,12,1,57
BRDA:76,13,0,57
BRDA:76,13,1,5
BRDA:89,14,0,3
BRDA:89,14,1,54
BRDA:96,15,0,3
BRDA:96,15,1,4
BRDA:110,16,0,0
BRDA:110,16,1,5
BRDA:115,17,0,1
BRDA:115,17,1,3
BRDA:135,18,0,2
BRDA:135,18,1,3
BRF:38
BRH:31
end_of_record
TN:
SF:src\index.ts
FN:4,(anonymous_0)
FNF:1
FNH:1
FNDA:11,(anonymous_0)
DA:1,1
DA:4,12
LF:2
LH:2
BRF:0
BRH:0
end_of_record
